2019-04-25 22:05:24,724 [Worker-0: Loading available Gradle versions] INFO  o.e.b.c.i.u.g.PublishedGradleVersions - Gradle version information cache is out-of-date. Trying to update.
2019-04-25 22:07:02,511 [Worker-1: Loading available Gradle versions] INFO  o.e.b.c.i.u.g.PublishedGradleVersions - Gradle version information cache is up-to-date. Trying to read.
2019-04-25 22:09:46,349 [Worker-15: Building workspace] INFO  o.e.m.c.i.l.LifecycleMappingFactory - Using org.maven.ide.eclipse.wtp.WarLifecycleMapping lifecycle mapping for MavenProject: aiss:project_name:0.0.1-SNAPSHOT @ C:\Users\enriq\git\IceBlock\pom.xml.
2019-04-25 22:10:01,005 [Worker-15: Building workspace] INFO  o.e.m.c.i.embedder.EclipseLogger - Using 'UTF-8' encoding to copy filtered resources.
2019-04-25 22:10:01,015 [Worker-15: Building workspace] INFO  o.e.m.c.i.embedder.EclipseLogger - Copying 1 resource
2019-04-25 22:10:02,014 [Worker-15: Building workspace] INFO  o.e.m.c.i.embedder.EclipseLogger - Executing tasks
2019-04-25 22:10:02,161 [Worker-15: Building workspace] INFO  o.e.m.c.i.embedder.EclipseLogger - Executed tasks
2019-04-25 22:10:02,163 [Worker-15: Building workspace] INFO  o.e.m.c.i.embedder.EclipseLogger - Using 'UTF-8' encoding to copy filtered resources.
2019-04-25 22:10:02,163 [Worker-15: Building workspace] INFO  o.e.m.c.i.embedder.EclipseLogger - skip non existing resourceDirectory C:\Users\enriq\git\IceBlock\src\test\resources
2019-04-25 22:10:10,904 [Worker-2: Building workspace] INFO  o.e.m.c.i.embedder.EclipseLogger - Using 'UTF-8' encoding to copy filtered resources.
2019-04-25 22:10:10,927 [Worker-2: Building workspace] INFO  o.e.m.c.i.embedder.EclipseLogger - Copying 1 resource
2019-04-25 22:10:11,022 [Worker-2: Building workspace] INFO  o.e.m.c.i.embedder.EclipseLogger - Executing tasks
2019-04-25 22:10:11,035 [Worker-2: Building workspace] INFO  o.e.m.c.i.embedder.EclipseLogger - Executed tasks
2019-04-25 22:10:11,036 [Worker-2: Building workspace] INFO  o.e.m.c.i.embedder.EclipseLogger - Using 'UTF-8' encoding to copy filtered resources.
2019-04-25 22:10:11,036 [Worker-2: Building workspace] INFO  o.e.m.c.i.embedder.EclipseLogger - skip non existing resourceDirectory C:\Users\enriq\git\IceBlock\src\test\resources
2019-04-25 22:10:56,993 [Worker-1: Building workspace] INFO  o.e.m.c.i.embedder.EclipseLogger - Using 'UTF-8' encoding to copy filtered resources.
2019-04-25 22:10:56,994 [Worker-1: Building workspace] INFO  o.e.m.c.i.embedder.EclipseLogger - Copying 0 resource
2019-04-25 22:10:57,124 [Worker-1: Building workspace] INFO  o.e.m.c.i.embedder.EclipseLogger - Executing tasks
2019-04-25 22:10:57,144 [Worker-1: Building workspace] INFO  o.e.m.c.i.embedder.EclipseLogger - Executed tasks
2019-04-25 22:10:57,145 [Worker-1: Building workspace] INFO  o.e.m.c.i.embedder.EclipseLogger - Using 'UTF-8' encoding to copy filtered resources.
2019-04-25 22:10:57,145 [Worker-1: Building workspace] INFO  o.e.m.c.i.embedder.EclipseLogger - skip non existing resourceDirectory C:\Users\enriq\git\IceBlock\src\test\resources
<<<<<<< HEAD
2019-04-26 10:42:29,495 [Worker-1: Loading available Gradle versions] INFO  o.e.b.c.i.u.g.PublishedGradleVersions - Gradle version information cache is up-to-date. Trying to read.
2019-04-26 10:48:18,429 [Worker-5: Loading available Gradle versions] INFO  o.e.b.c.i.u.g.PublishedGradleVersions - Gradle version information cache is up-to-date. Trying to read.
2019-04-26 10:52:39,973 [Worker-13: Updating Maven Dependencies] INFO  o.e.m.c.i.l.LifecycleMappingFactory - Using org.maven.ide.eclipse.wtp.WarLifecycleMapping lifecycle mapping for MavenProject: aiss:project_name:0.0.1-SNAPSHOT @ /home/antonio/git/IceBlock/pom.xml.
2019-04-26 10:53:03,304 [Worker-17: Building workspace] INFO  o.e.m.c.i.embedder.EclipseLogger - Using 'UTF-8' encoding to copy filtered resources.
2019-04-26 10:53:03,324 [Worker-17: Building workspace] INFO  o.e.m.c.i.embedder.EclipseLogger - Copying 1 resource
2019-04-26 10:53:04,263 [Worker-17: Building workspace] INFO  o.e.m.c.i.embedder.EclipseLogger - Executing tasks
2019-04-26 10:53:04,615 [Worker-17: Building workspace] INFO  o.e.m.c.i.embedder.EclipseLogger - Executed tasks
2019-04-26 10:53:04,620 [Worker-17: Building workspace] INFO  o.e.m.c.i.embedder.EclipseLogger - Using 'UTF-8' encoding to copy filtered resources.
2019-04-26 10:53:04,621 [Worker-17: Building workspace] INFO  o.e.m.c.i.embedder.EclipseLogger - skip non existing resourceDirectory /home/antonio/git/IceBlock/src/test/resources
2019-04-26 10:54:35,618 [Worker-22: Building workspace] INFO  o.e.m.c.i.embedder.EclipseLogger - Using 'UTF-8' encoding to copy filtered resources.
2019-04-26 10:54:35,627 [Worker-22: Building workspace] INFO  o.e.m.c.i.embedder.EclipseLogger - Copying 0 resource
2019-04-26 10:54:35,910 [Worker-22: Building workspace] INFO  o.e.m.c.i.embedder.EclipseLogger - Executing tasks
2019-04-26 10:54:35,949 [Worker-22: Building workspace] INFO  o.e.m.c.i.embedder.EclipseLogger - Executed tasks
2019-04-26 10:54:35,954 [Worker-22: Building workspace] INFO  o.e.m.c.i.embedder.EclipseLogger - Using 'UTF-8' encoding to copy filtered resources.
2019-04-26 10:54:35,954 [Worker-22: Building workspace] INFO  o.e.m.c.i.embedder.EclipseLogger - skip non existing resourceDirectory /home/antonio/git/IceBlock/src/test/resources
2019-04-26 10:54:56,690 [Worker-19: Building workspace] INFO  o.e.m.c.i.embedder.EclipseLogger - Using 'UTF-8' encoding to copy filtered resources.
2019-04-26 10:54:56,690 [Worker-19: Building workspace] INFO  o.e.m.c.i.embedder.EclipseLogger - Copying 0 resource
2019-04-26 10:54:56,803 [Worker-19: Building workspace] INFO  o.e.m.c.i.embedder.EclipseLogger - Executing tasks
2019-04-26 10:54:56,826 [Worker-19: Building workspace] INFO  o.e.m.c.i.embedder.EclipseLogger - Executed tasks
2019-04-26 10:54:56,829 [Worker-19: Building workspace] INFO  o.e.m.c.i.embedder.EclipseLogger - Using 'UTF-8' encoding to copy filtered resources.
2019-04-26 10:54:56,830 [Worker-19: Building workspace] INFO  o.e.m.c.i.embedder.EclipseLogger - skip non existing resourceDirectory /home/antonio/git/IceBlock/src/test/resources
2019-04-26 10:55:27,825 [Worker-17: Building workspace] INFO  o.e.m.c.i.embedder.EclipseLogger - Using 'UTF-8' encoding to copy filtered resources.
2019-04-26 10:55:27,826 [Worker-17: Building workspace] INFO  o.e.m.c.i.embedder.EclipseLogger - Copying 0 resource
2019-04-26 10:55:27,981 [Worker-17: Building workspace] INFO  o.e.m.c.i.embedder.EclipseLogger - Executing tasks
2019-04-26 10:55:27,991 [Worker-17: Building workspace] INFO  o.e.m.c.i.embedder.EclipseLogger - Executed tasks
2019-04-26 10:55:27,997 [Worker-17: Building workspace] INFO  o.e.m.c.i.embedder.EclipseLogger - Using 'UTF-8' encoding to copy filtered resources.
2019-04-26 10:55:27,997 [Worker-17: Building workspace] INFO  o.e.m.c.i.embedder.EclipseLogger - skip non existing resourceDirectory /home/antonio/git/IceBlock/src/test/resources
2019-04-26 10:55:56,661 [Worker-23: Building workspace] INFO  o.e.m.c.i.embedder.EclipseLogger - Using 'UTF-8' encoding to copy filtered resources.
2019-04-26 10:55:56,662 [Worker-23: Building workspace] INFO  o.e.m.c.i.embedder.EclipseLogger - Copying 0 resource
2019-04-26 10:55:56,787 [Worker-23: Building workspace] INFO  o.e.m.c.i.embedder.EclipseLogger - Executing tasks
2019-04-26 10:55:56,823 [Worker-23: Building workspace] INFO  o.e.m.c.i.embedder.EclipseLogger - Executed tasks
2019-04-26 10:55:56,825 [Worker-23: Building workspace] INFO  o.e.m.c.i.embedder.EclipseLogger - Using 'UTF-8' encoding to copy filtered resources.
2019-04-26 10:55:56,825 [Worker-23: Building workspace] INFO  o.e.m.c.i.embedder.EclipseLogger - skip non existing resourceDirectory /home/antonio/git/IceBlock/src/test/resources
2019-04-26 10:56:40,109 [Worker-20: Building workspace] INFO  o.e.m.c.i.embedder.EclipseLogger - Using 'UTF-8' encoding to copy filtered resources.
2019-04-26 10:56:40,109 [Worker-20: Building workspace] INFO  o.e.m.c.i.embedder.EclipseLogger - Copying 0 resource
2019-04-26 10:56:40,328 [Worker-20: Building workspace] INFO  o.e.m.c.i.embedder.EclipseLogger - Executing tasks
2019-04-26 10:56:40,368 [Worker-20: Building workspace] INFO  o.e.m.c.i.embedder.EclipseLogger - Executed tasks
2019-04-26 10:56:40,375 [Worker-20: Building workspace] INFO  o.e.m.c.i.embedder.EclipseLogger - Using 'UTF-8' encoding to copy filtered resources.
2019-04-26 10:56:40,376 [Worker-20: Building workspace] INFO  o.e.m.c.i.embedder.EclipseLogger - skip non existing resourceDirectory /home/antonio/git/IceBlock/src/test/resources
2019-04-26 10:57:17,574 [Worker-20: Building workspace] INFO  o.e.m.c.i.embedder.EclipseLogger - Using 'UTF-8' encoding to copy filtered resources.
2019-04-26 10:57:17,575 [Worker-20: Building workspace] INFO  o.e.m.c.i.embedder.EclipseLogger - Copying 0 resource
2019-04-26 10:57:17,656 [Worker-20: Building workspace] INFO  o.e.m.c.i.embedder.EclipseLogger - Executing tasks
2019-04-26 10:57:17,677 [Worker-20: Building workspace] INFO  o.e.m.c.i.embedder.EclipseLogger - Executed tasks
2019-04-26 10:57:17,682 [Worker-20: Building workspace] INFO  o.e.m.c.i.embedder.EclipseLogger - Using 'UTF-8' encoding to copy filtered resources.
2019-04-26 10:57:17,683 [Worker-20: Building workspace] INFO  o.e.m.c.i.embedder.EclipseLogger - skip non existing resourceDirectory /home/antonio/git/IceBlock/src/test/resources
2019-04-26 10:57:41,799 [Worker-13: Building workspace] INFO  o.e.m.c.i.embedder.EclipseLogger - Using 'UTF-8' encoding to copy filtered resources.
2019-04-26 10:57:41,800 [Worker-13: Building workspace] INFO  o.e.m.c.i.embedder.EclipseLogger - Copying 0 resource
2019-04-26 10:57:41,954 [Worker-13: Building workspace] INFO  o.e.m.c.i.embedder.EclipseLogger - Executing tasks
2019-04-26 10:57:41,987 [Worker-13: Building workspace] INFO  o.e.m.c.i.embedder.EclipseLogger - Executed tasks
2019-04-26 10:57:41,992 [Worker-13: Building workspace] INFO  o.e.m.c.i.embedder.EclipseLogger - Using 'UTF-8' encoding to copy filtered resources.
2019-04-26 10:57:41,992 [Worker-13: Building workspace] INFO  o.e.m.c.i.embedder.EclipseLogger - skip non existing resourceDirectory /home/antonio/git/IceBlock/src/test/resources
2019-04-26 10:58:49,362 [Worker-21: Building workspace] INFO  o.e.m.c.i.embedder.EclipseLogger - Using 'UTF-8' encoding to copy filtered resources.
2019-04-26 10:58:49,371 [Worker-21: Building workspace] INFO  o.e.m.c.i.embedder.EclipseLogger - Copying 1 resource
2019-04-26 10:58:49,534 [Worker-21: Building workspace] INFO  o.e.m.c.i.embedder.EclipseLogger - Executing tasks
2019-04-26 10:58:49,543 [Worker-21: Building workspace] INFO  o.e.m.c.i.embedder.EclipseLogger - Executed tasks
2019-04-26 10:58:49,551 [Worker-21: Building workspace] INFO  o.e.m.c.i.embedder.EclipseLogger - Using 'UTF-8' encoding to copy filtered resources.
2019-04-26 10:58:49,551 [Worker-21: Building workspace] INFO  o.e.m.c.i.embedder.EclipseLogger - skip non existing resourceDirectory /home/antonio/git/IceBlock/src/test/resources
2019-04-26 10:59:11,489 [Worker-13: Building workspace] INFO  o.e.m.c.i.embedder.EclipseLogger - Using 'UTF-8' encoding to copy filtered resources.
2019-04-26 10:59:11,489 [Worker-13: Building workspace] INFO  o.e.m.c.i.embedder.EclipseLogger - Copying 0 resource
2019-04-26 10:59:11,605 [Worker-13: Building workspace] INFO  o.e.m.c.i.embedder.EclipseLogger - Executing tasks
2019-04-26 10:59:11,635 [Worker-13: Building workspace] INFO  o.e.m.c.i.embedder.EclipseLogger - Executed tasks
2019-04-26 10:59:11,638 [Worker-13: Building workspace] INFO  o.e.m.c.i.embedder.EclipseLogger - Using 'UTF-8' encoding to copy filtered resources.
2019-04-26 10:59:11,639 [Worker-13: Building workspace] INFO  o.e.m.c.i.embedder.EclipseLogger - skip non existing resourceDirectory /home/antonio/git/IceBlock/src/test/resources
2019-04-26 11:00:22,339 [Worker-23: Building workspace] INFO  o.e.m.c.i.embedder.EclipseLogger - Using 'UTF-8' encoding to copy filtered resources.
2019-04-26 11:00:22,351 [Worker-23: Building workspace] INFO  o.e.m.c.i.embedder.EclipseLogger - Copying 1 resource
2019-04-26 11:00:22,607 [Worker-23: Building workspace] INFO  o.e.m.c.i.embedder.EclipseLogger - Executing tasks
2019-04-26 11:00:22,639 [Worker-23: Building workspace] INFO  o.e.m.c.i.embedder.EclipseLogger - Executed tasks
2019-04-26 11:00:22,642 [Worker-23: Building workspace] INFO  o.e.m.c.i.embedder.EclipseLogger - Using 'UTF-8' encoding to copy filtered resources.
2019-04-26 11:00:22,642 [Worker-23: Building workspace] INFO  o.e.m.c.i.embedder.EclipseLogger - skip non existing resourceDirectory /home/antonio/git/IceBlock/src/test/resources
2019-04-26 11:00:27,527 [Worker-18: Building workspace] INFO  o.e.m.c.i.embedder.EclipseLogger - Using 'UTF-8' encoding to copy filtered resources.
2019-04-26 11:00:27,528 [Worker-18: Building workspace] INFO  o.e.m.c.i.embedder.EclipseLogger - Copying 1 resource
2019-04-26 11:00:27,651 [Worker-18: Building workspace] INFO  o.e.m.c.i.embedder.EclipseLogger - Executing tasks
2019-04-26 11:00:27,667 [Worker-18: Building workspace] INFO  o.e.m.c.i.embedder.EclipseLogger - Executed tasks
2019-04-26 11:00:27,675 [Worker-18: Building workspace] INFO  o.e.m.c.i.embedder.EclipseLogger - Using 'UTF-8' encoding to copy filtered resources.
2019-04-26 11:00:27,675 [Worker-18: Building workspace] INFO  o.e.m.c.i.embedder.EclipseLogger - skip non existing resourceDirectory /home/antonio/git/IceBlock/src/test/resources
2019-04-26 11:01:04,928 [Worker-2: Building workspace] INFO  o.e.m.c.i.embedder.EclipseLogger - Using 'UTF-8' encoding to copy filtered resources.
2019-04-26 11:01:04,935 [Worker-2: Building workspace] INFO  o.e.m.c.i.embedder.EclipseLogger - Copying 1 resource
2019-04-26 11:01:05,084 [Worker-2: Building workspace] INFO  o.e.m.c.i.embedder.EclipseLogger - Executing tasks
2019-04-26 11:01:05,094 [Worker-2: Building workspace] INFO  o.e.m.c.i.embedder.EclipseLogger - Executed tasks
2019-04-26 11:01:05,103 [Worker-2: Building workspace] INFO  o.e.m.c.i.embedder.EclipseLogger - Using 'UTF-8' encoding to copy filtered resources.
2019-04-26 11:01:05,103 [Worker-2: Building workspace] INFO  o.e.m.c.i.embedder.EclipseLogger - skip non existing resourceDirectory /home/antonio/git/IceBlock/src/test/resources
2019-04-26 11:02:21,430 [Worker-18: Launching StartDevServer] INFO  o.e.m.i.launch.MavenLaunchDelegate - /home/antonio/git/IceBlock
2019-04-26 11:02:21,433 [Worker-18: Launching StartDevServer] INFO  o.e.m.i.launch.MavenLaunchDelegate -  mvn -B -Dmaven.test.skip=true -DskipTests appengine:devserver
2019-04-26 11:10:29,004 [Worker-25: Building workspace] INFO  o.e.m.c.i.embedder.EclipseLogger - Using 'UTF-8' encoding to copy filtered resources.
2019-04-26 11:10:29,004 [Worker-25: Building workspace] INFO  o.e.m.c.i.embedder.EclipseLogger - Copying 0 resource
2019-04-26 11:10:29,123 [Worker-25: Building workspace] INFO  o.e.m.c.i.embedder.EclipseLogger - Executing tasks
2019-04-26 11:10:29,165 [Worker-25: Building workspace] INFO  o.e.m.c.i.embedder.EclipseLogger - Executed tasks
2019-04-26 11:10:29,167 [Worker-25: Building workspace] INFO  o.e.m.c.i.embedder.EclipseLogger - Using 'UTF-8' encoding to copy filtered resources.
2019-04-26 11:10:29,168 [Worker-25: Building workspace] INFO  o.e.m.c.i.embedder.EclipseLogger - skip non existing resourceDirectory /home/antonio/git/IceBlock/src/test/resources
2019-04-26 11:11:54,447 [Worker-25: Building workspace] INFO  o.e.m.c.i.embedder.EclipseLogger - Using 'UTF-8' encoding to copy filtered resources.
2019-04-26 11:11:54,457 [Worker-25: Building workspace] INFO  o.e.m.c.i.embedder.EclipseLogger - Copying 0 resource
2019-04-26 11:11:54,648 [Worker-25: Building workspace] INFO  o.e.m.c.i.embedder.EclipseLogger - Executing tasks
2019-04-26 11:11:54,669 [Worker-25: Building workspace] INFO  o.e.m.c.i.embedder.EclipseLogger - Executed tasks
2019-04-26 11:11:54,672 [Worker-25: Building workspace] INFO  o.e.m.c.i.embedder.EclipseLogger - Using 'UTF-8' encoding to copy filtered resources.
2019-04-26 11:11:54,672 [Worker-25: Building workspace] INFO  o.e.m.c.i.embedder.EclipseLogger - skip non existing resourceDirectory /home/antonio/git/IceBlock/src/test/resources
2019-04-26 11:12:15,716 [Worker-25: Launching StartDevServer] INFO  o.e.m.i.launch.MavenLaunchDelegate - /home/antonio/git/IceBlock
2019-04-26 11:12:15,716 [Worker-25: Launching StartDevServer] INFO  o.e.m.i.launch.MavenLaunchDelegate -  mvn -B -Dmaven.test.skip=true -DskipTests appengine:devserver
2019-04-26 11:13:44,073 [Worker-28: Launching StartDevServer] INFO  o.e.m.i.launch.MavenLaunchDelegate - /home/antonio/git/IceBlock
2019-04-26 11:13:44,074 [Worker-28: Launching StartDevServer] INFO  o.e.m.i.launch.MavenLaunchDelegate -  mvn -B -Dmaven.test.skip=true -DskipTests appengine:devserver
2019-04-26 11:25:53,356 [Worker-32: Building workspace] INFO  o.e.m.c.i.embedder.EclipseLogger - Using 'UTF-8' encoding to copy filtered resources.
2019-04-26 11:25:53,357 [Worker-32: Building workspace] INFO  o.e.m.c.i.embedder.EclipseLogger - Copying 1 resource
2019-04-26 11:25:53,498 [Worker-32: Building workspace] INFO  o.e.m.c.i.embedder.EclipseLogger - Executing tasks
2019-04-26 11:25:53,539 [Worker-32: Building workspace] INFO  o.e.m.c.i.embedder.EclipseLogger - Executed tasks
2019-04-26 11:25:53,546 [Worker-32: Building workspace] INFO  o.e.m.c.i.embedder.EclipseLogger - Using 'UTF-8' encoding to copy filtered resources.
2019-04-26 11:25:53,548 [Worker-32: Building workspace] INFO  o.e.m.c.i.embedder.EclipseLogger - skip non existing resourceDirectory /home/antonio/git/IceBlock/src/test/resources
2019-04-26 11:25:54,593 [Worker-31: Building workspace] INFO  o.e.m.c.i.embedder.EclipseLogger - Using 'UTF-8' encoding to copy filtered resources.
2019-04-26 11:25:54,618 [Worker-31: Building workspace] INFO  o.e.m.c.i.embedder.EclipseLogger - Copying 1 resource
2019-04-26 11:25:54,746 [Worker-31: Building workspace] INFO  o.e.m.c.i.embedder.EclipseLogger - Executing tasks
2019-04-26 11:25:54,765 [Worker-31: Building workspace] INFO  o.e.m.c.i.embedder.EclipseLogger - Executed tasks
2019-04-26 11:25:54,776 [Worker-31: Building workspace] INFO  o.e.m.c.i.embedder.EclipseLogger - Using 'UTF-8' encoding to copy filtered resources.
2019-04-26 11:25:54,776 [Worker-31: Building workspace] INFO  o.e.m.c.i.embedder.EclipseLogger - skip non existing resourceDirectory /home/antonio/git/IceBlock/src/test/resources
=======
2019-04-25 22:19:55,385 [Worker-22: Building workspace] INFO  o.e.m.c.i.embedder.EclipseLogger - Using 'UTF-8' encoding to copy filtered resources.
2019-04-25 22:19:55,385 [Worker-22: Building workspace] INFO  o.e.m.c.i.embedder.EclipseLogger - Copying 0 resource
2019-04-25 22:19:55,515 [Worker-22: Building workspace] INFO  o.e.m.c.i.embedder.EclipseLogger - Executing tasks
2019-04-25 22:19:55,553 [Worker-22: Building workspace] INFO  o.e.m.c.i.embedder.EclipseLogger - Executed tasks
2019-04-25 22:19:55,563 [Worker-22: Building workspace] INFO  o.e.m.c.i.embedder.EclipseLogger - Using 'UTF-8' encoding to copy filtered resources.
2019-04-25 22:19:55,570 [Worker-22: Building workspace] INFO  o.e.m.c.i.embedder.EclipseLogger - skip non existing resourceDirectory C:\Users\enriq\git\IceBlock\src\test\resources
>>>>>>> 0f2ed7e1e9fbc3f62a960551a398e27590a45c51
